MPASM 5.81  /HOME/MIPC/MPLABXPROJECTS/GITWIL   10-24-2018  22:30:39         PAGE  1


LOC  OBJECT CODE     LINE SOURCE TEXT
  VALUE

                      00001         List p=16f887
                      00002         #include <p16f887.inc>
                      00001         LIST
                      00002 
                      00003 ;==========================================================================
                      00004 ; Build date : Jul 23 2018
                      00005 ;  MPASM PIC16F887 processor include
                      00006 ; 
                      00007 ;  (c) Copyright 1999-2018 Microchip Technology, All rights reserved
                      00008 ;==========================================================================
                      00009 
                      00810         LIST
                      00003         
2007   20F4           00004         __CONFIG H'2007', H'3FFC' & H'3FF7' & H'3FFF' & H'3FFF' & H'3FFF' & H'3FFF' & H'3CFF' & H'3BFF' 
                            & H'37FF' & H'2FFF' & H'3FFF'
2008   3EFF           00005         __CONFIG H'2008', H'3EFF' & H'3FFF'     
                      00006 
                      00007 ;ver 01.1
                      00008 ;===============================================================================
                      00009 ;             Definicion de las macros para cambiar de bancos
                      00010 ;===============================================================================
                      00011 
                      00012 BANK0   MACRO
                      00013         BCF STATUS,5
                      00014         BCF STATUS,6
                      00015         ENDM
                      00016         
                      00017 BANK1   MACRO
                      00018         BSF STATUS,5
                      00019         BCF STATUS,6
                      00020         ENDM
                      00021         
                      00022 BANK2   MACRO
                      00023         BCF STATUS,5
                      00024         BSF STATUS,6
                      00025         ENDM
                      00026         
                      00027 BANK3   MACRO
                      00028         BSF STATUS,5
                      00029         BSF STATUS,6
                      00030         ENDM
                      00031         
                      00032 ClSPort MACRO
                      00033         BANK0
                      00034         CLRF PORTB
                      00035         CLRF PORTC
                      00036         CLRF PORTA
                      00037         CLRF PORTD
                      00038         CLRF PORTE
                      00039         ENDM
                      00040         
                      00041 DigPort MACRO
                      00042         BANK3
MPASM 5.81  /HOME/MIPC/MPLABXPROJECTS/GITWIL   10-24-2018  22:30:39         PAGE  2


LOC  OBJECT CODE     LINE SOURCE TEXT
  VALUE

                      00043         CLRF ANSEL
                      00044         CLRF ANSELH
                      00045         ENDM
                      00046         
                      00047         
  00000020            00048 CONTA_2     EQU 0x20
  00000021            00049 CONTA_1     EQU 0x21
  00000022            00050 BIT         EQU 0x22
  00000023            00051 TECLA       EQU 0x23
  00000024            00052 LAST_TECLA  EQU 0x24
  00000025            00053 RESPUESTA   EQU 0x25
  00000026            00054 CORRECTO    EQU 0x26
  00000027            00055 CONT_WIN    EQU 0x27
                      00056     
  00000030            00057 ANIMALES    EQU 0X30
  00000031            00058 PREGUNTA    EQU 0X31
  00000032            00059 TEMP        EQU 0X32
                      00060  
                      00061         
                      00062         ORG H'01'
0001   2???           00063         GOTO INICIO
                      00064         
                      00065         ORG 04H
                      00066         ;HACER INT de reinicio o WD funcione....
                      00067         
0004                  00068 CONVERT_HEX
0004   0782           00069         ADDWF PCL,F
0005   3401 3402 3403 00070         DT  .1,  .2, .3, .4, .5
       3404 3405 
000A   3406 3407 3408 00071         DT  .6,  .7, .8, .9,.10
       3409 340A 
000F   340B 340C 340D 00072         DT .11, .12,.13,.14,.15
       340E 340F 
0014   3410 3411 3412 00073         DT .16, .17,.18,.19,.20
       3413 3414 
0019   3415 3416 3417 00074         DT .21, .22,.23,.24,.25
       3418 3419 
001E                  00075 END_CONVERT_HEX
                      00076          
001E                  00077 RESPUESTAS_1 
001E   0782           00078         ADDWF PCL,F
001F   3401 3407 3417 00079         DT .1,.7,.23,.14,.25
       340E 3419 
0024   3415 3411 3403 00080         DT .21,.17,.3,.24,.10
       3418 340A 
0029   3410 3416 3403 00081         DT .16,.22,.3,.9,.5
       3409 3405 
002E   3410 3416 3403 00082         DT .16,.22,.3,.9,.5
       3409 3405 
0033   3410 3416 3403 00083         DT .16,.22,.3,.9,.5
       3409 3405 
0038                  00084 END_RESPUESTAS_1
                      00085         
MPASM 5.81  /HOME/MIPC/MPLABXPROJECTS/GITWIL   10-24-2018  22:30:39         PAGE  3


LOC  OBJECT CODE     LINE SOURCE TEXT
  VALUE

0038                  00086 RETARDO_20MS
                      00087         BANK0
0038   1283               M         BCF STATUS,5
0039   1303               M         BCF STATUS,6
003A   3014           00088         MOVLW .20
003B   00A0           00089         MOVWF CONTA_2
003C   30FA           00090         MOVLW .250
003D   00A1           00091         MOVWF CONTA_1
003E   0000           00092         NOP
003F   0BA1           00093         DECFSZ CONTA_1,F
0040   2???           00094         GOTO $-.2
0041   0BA0           00095         DECFSZ CONTA_2,F
0042   2???           00096         GOTO $-.6
0043   0008           00097         RETURN 
                      00098 ;&&&&&&&&&&&&&&&&&&&&&&&&&&&&&&&&&&&&&&&&&&&&&&&&&&&&&&&&&&&&&&&&&&&&&&&&&&&&&&&
                      00099         
                      00100 ;                       inicia el programa      
                      00101         
                      00102 ;&&&&&&&&&&&&&&&&&&&&&&&&&&&&&&&&&&&&&&&&&&&&&&&&&&&&&&&&&&&&&&&&&&&&&&&&&&&&&&&        
                      00103 
                      00104 
0044                  00105 INICIO
                      00106         
                      00107         
                      00108         
                      00109         
0044   3001           00110         MOVLW .1
0045   00B0           00111         MOVWF ANIMALES
0046   00B1           00112         MOVWF PREGUNTA
                      00113         
                      00114         DigPort                 ;inicializa los puertos en digital  
                          M         BANK3
0047   1683               M         BSF STATUS,5
0048   1703               M         BSF STATUS,6
Message[302]: Register in operand not in bank 0.  Ensure that bank bits are correct.
0049   0188               M         CLRF ANSEL
Message[302]: Register in operand not in bank 0.  Ensure that bank bits are correct.
004A   0189               M         CLRF ANSELH
                      00115         
004B   2???           00116         CALL TecladoInicializa   ;PUERTO B SALIDA / PUERTO C ENTRADA OJO PULL UP
                      00117         
                      00118         
                      00119         BANK1
004C   1683               M         BSF STATUS,5
004D   1303               M         BCF STATUS,6
004E   301F           00120         MOVLW 01FH           
Message[302]: Register in operand not in bank 0.  Ensure that bank bits are correct.
004F   0089           00121         MOVWF TRISE         ;PUERTO E ENTRADA
Message[302]: Register in operand not in bank 0.  Ensure that bank bits are correct.
0050   0185           00122         CLRF TRISA          ;PUERTO A SALIDA BOMBILLOS ANIMAL
Message[302]: Register in operand not in bank 0.  Ensure that bank bits are correct.
0051   0188           00123         CLRF TRISD          ;PUERTO D SALIDA BOMBILLOS PREGUNTA
                      00124         
MPASM 5.81  /HOME/MIPC/MPLABXPROJECTS/GITWIL   10-24-2018  22:30:39         PAGE  4


LOC  OBJECT CODE     LINE SOURCE TEXT
  VALUE

                      00125         BANK0
0052   1283               M         BCF STATUS,5
0053   1303               M         BCF STATUS,6
                      00126         
0054   01A7           00127         CLRF CONT_WIN
0055   3001           00128         MOVLW 01H
0056   00B0           00129         MOVWF ANIMALES 
0057   00B1           00130         MOVWF PREGUNTA
                      00131         
                      00132         ClSPort
                          M         BANK0
0058   1283               M         BCF STATUS,5
0059   1303               M         BCF STATUS,6
005A   0186               M         CLRF PORTB
005B   0187               M         CLRF PORTC
005C   0185               M         CLRF PORTA
005D   0188               M         CLRF PORTD
005E   0189               M         CLRF PORTE
                      00133         
                      00134 ;&&&&&&&&&&&&&&&&&&&&&&&&&&&&&&&&&&&&&&&&&&&&&&&&&&&&&&&&&&&&&&&&&&&&&&&&&&&&&&&        
                      00135         
                      00136         
005F                  00137 INICIA          
                      00138     ;CALL GUSANOPANT     ;INICIALIZA SECUENCIA PARA LLAMAR LA ATENCION DEL JUEGO
                      00139         
005F   2???           00140         CALL RETARDO_20MS   ;USAR INT PARA QUE SALTE AL INICIO?
0060   1C09           00141         BTFSS PORTE,0       ; BOTON DE INICIO SISTEMA  PREGUNTA SI ESTA EN CERO
0061   2???           00142         GOTO INICIA
                      00143 ; cambiar esto con uno de los botones de Puerto B para trabajar con la int
                      00144 ; de cambio de estado y dejar el PIC en Sleep   
                      00145         
                      00146 ;%%%%%%%%%%%%%%%%%%%%%%%%%%%%%%%%%%%%%%%%%%%%%%%%%%%%%%%%%%%%%%%%%%%%%%%%%%%%%%%        
                      00147         
                      00148 ;                           ANIMAL1 PREGUNTAS   
                      00149 
                      00150 ;%%%%%%%%%%%%%%%%%%%%%%%%%%%%%%%%%%%%%%%%%%%%%%%%%%%%%%%%%%%%%%%%%%%%%%%%%%%%%%%        
                      00151         
0062   1405           00152         BSF PORTA,0       ;PRIMER ANIMAL
0063   1408           00153         BSF PORTD,0       ;PRIMERA PREGUNTA ACTIVA
                      00154         
0064                  00155 SISTPREG
                      00156         ;CALL ESPERAR POR TECLA CORRECTA DE LA PREGUNTA X
                      00157         ;CALL TONO DE CORRECTO
                      00158         ;LIMPIAR EL WD PARA QUE NO REINICIE EL PROGRAMA 
                      00159         ;DECREMENTA CONTADOR PARA LAS 25 PREGUNTAS
                      00160         
0064   2???           00161         CALL VERIFICA1  ;SIGUIENTE PREGUNTA Y/O ANIMAL
                      00162                         ;PREGUNTA SI ES EL FINAL DEL CONTADOR DE LAS PREGUNTAS EN CASO 
                      00163                         ; DE NO SER REPITE BUCLE PARA LA PROXIMA PREGUNTA
0065   2???           00164         GOTO SISTPREG
                      00165         
                      00166         ;COMPLETAR LAS 25 PREGUNTAS
                      00167         
MPASM 5.81  /HOME/MIPC/MPLABXPROJECTS/GITWIL   10-24-2018  22:30:39         PAGE  5


LOC  OBJECT CODE     LINE SOURCE TEXT
  VALUE

                      00168 ; ES EL MISMO SISTEMA SE PUEDE HACER CON ROTACION DE BITS PARA TODAS LAS PREGUNTAS
                      00169 
                      00170         
                      00171         
                      00172         
Warning[207]: Found label after column 1. (LOOP)
0066                  00173         LOOP    
                      00174         ; Fila 1
0066   1807           00175         BTFSC PORTC,0
0067   2???           00176         GOTO LOOP
0068   2???           00177         CALL VALIDATE_ANSWER
0069   1103           00178         BCF STATUS,Z
006A   3001           00179         MOVLW .1
Message[305]: Using default destination of 1 (file).
006B   02A6           00180         SUBWF CORRECTO
                      00181         
006C   1D03           00182         BTFSS STATUS,Z
006D   2???           00183         GOTO LOOP
                      00184         
006E   01A6           00185         CLRF CORRECTO
Message[305]: Using default destination of 1 (file).
006F   0AA7           00186         INCF CONT_WIN
0070   3001           00187         MOVLW B'00000001'
0071   0088           00188         MOVWF PORTD
0072                  00189 LOOP2
                      00190         ; Fila 2
0072   1887           00191         BTFSC PORTC,1
0073   2???           00192         GOTO LOOP2
0074   2???           00193         CALL VALIDATE_ANSWER
0075   1103           00194         BCF STATUS,Z
0076   3001           00195         MOVLW .1
Message[305]: Using default destination of 1 (file).
0077   02A6           00196         SUBWF CORRECTO
0078   1D03           00197         BTFSS STATUS,Z
0079   2???           00198         GOTO LOOP2
007A   01A6           00199         CLRF CORRECTO
Message[305]: Using default destination of 1 (file).
007B   0AA7           00200         INCF CONT_WIN
007C   3003           00201         MOVLW B'00000011'
007D   0088           00202         MOVWF PORTD
                      00203         
007E                  00204 LOOP3
                      00205         ; Fila 3
007E   1907           00206         BTFSC PORTC,2
007F   2???           00207         GOTO LOOP3
0080   2???           00208         CALL VALIDATE_ANSWER
0081   1103           00209         BCF STATUS,Z
0082   3001           00210         MOVLW .1
Message[305]: Using default destination of 1 (file).
0083   02A6           00211         SUBWF CORRECTO
0084   1D03           00212         BTFSS STATUS,Z
0085   2???           00213         GOTO LOOP3
0086   01A6           00214         CLRF CORRECTO
MPASM 5.81  /HOME/MIPC/MPLABXPROJECTS/GITWIL   10-24-2018  22:30:39         PAGE  6


LOC  OBJECT CODE     LINE SOURCE TEXT
  VALUE

Message[305]: Using default destination of 1 (file).
0087   0AA7           00215         INCF CONT_WIN
0088   3007           00216         MOVLW B'00000111'
0089   0088           00217         MOVWF PORTD
                      00218 
008A                  00219 LOOP4
                      00220         ; Fila 4
008A   1987           00221         BTFSC PORTC,3
008B   2???           00222         GOTO LOOP4
008C   2???           00223         CALL VALIDATE_ANSWER
008D   1103           00224         BCF STATUS,Z
008E   3001           00225         MOVLW .1
Message[305]: Using default destination of 1 (file).
008F   02A6           00226         SUBWF CORRECTO
0090   1D03           00227         BTFSS STATUS,Z
0091   2???           00228         GOTO LOOP4
0092   01A6           00229         CLRF CORRECTO
Message[305]: Using default destination of 1 (file).
0093   0AA7           00230         INCF CONT_WIN
0094   300F           00231         MOVLW B'00001111'
0095   0088           00232         MOVWF PORTD     
0096                  00233 LOOP5
                      00234         ; Fila 5
0096   1A07           00235         BTFSC PORTC,4
0097   2???           00236         GOTO LOOP5
0098   2???           00237         CALL VALIDATE_ANSWER
0099   1103           00238         BCF STATUS,Z
009A   3001           00239         MOVLW .1
Message[305]: Using default destination of 1 (file).
009B   02A6           00240         SUBWF CORRECTO
009C   1D03           00241         BTFSS STATUS,Z
009D   2???           00242         GOTO LOOP5
009E   01A6           00243         CLRF CORRECTO
Message[305]: Using default destination of 1 (file).
009F   0AA7           00244         INCF CONT_WIN
00A0   301F           00245         MOVLW B'00011111'
00A1   0088           00246         MOVWF PORTD
                      00247 
00A2                  00248 CLEAR
00A2   0188           00249         CLRF PORTD
00A3   2???           00250         GOTO LOOP
                      00251         
                      00252 ;%%%%%%%%%%%%%%%%%%%%%%%%%%%%%%%%%%%%%%%%%%%%%%%%%%%%%%%%%%%%%%%%%%%%%%%%%%%%%%%        
                      00253         
                      00254 ;                   inicio de las Rutinas (call)
                      00255         
                      00256 ;%%%%%%%%%%%%%%%%%%%%%%%%%%%%%%%%%%%%%%%%%%%%%%%%%%%%%%%%%%%%%%%%%%%%%%%%%%%%%%%        
                      00257         
                      00258 ;               RUTINA DE ENCENDER LUCES DE PREGUNTAS Y ANIMALES
                      00259                 ;USANDO 5 BITS PUERTO A y D 
                      00260         
                      00261 ;%%%%%%%%%%%%%%%%%%%%%%%%%%%%%%%%%%%%%%%%%%%%%%%%%%%%%%%%%%%%%%%%%%%%%%%%%%%%%
                      00262         
MPASM 5.81  /HOME/MIPC/MPLABXPROJECTS/GITWIL   10-24-2018  22:30:39         PAGE  7


LOC  OBJECT CODE     LINE SOURCE TEXT
  VALUE

00A4   1003           00263 VERIFICA1           BCF STATUS,C
00A5   0DB1           00264                     RLF PREGUNTA,F   ; ROTA A LA IZQUIERDA BIT PRENDER BOMBILLO 
00A6   0831           00265                     MOVF PREGUNTA,W ; INICIA PREGUNTA PARA SABER SI LLEGO AL FIN
00A7   3C20           00266                     SUBLW 20H       ; SI EL BIT 5 ESTA ACTIVO REINICIA PROGRAMA
00A8   1D03           00267                     BTFSS STATUS,Z
00A9   2???           00268                     GOTO ENCENDER
                      00269                    ; RETURN
                      00270                     ;GOTO SIGUIENTE ANIMAL
                      00271                     
00AA   3001           00272                     MOVLW .1          ;inicializa las preguntas para proximo animal
00AB   00B1           00273                     MOVWF PREGUNTA
                      00274                     
00AC   1003           00275 VERIFICA            BCF STATUS,C
00AD   0DB0           00276                     RLF ANIMALES,F   ; ROTA A LA IZQUIERDA BIT PRENDER BOMBILLO 
00AE   0830           00277                     MOVF ANIMALES,W ; INICIA PREGUNTA PARA SABER SI LLEGO AL FIN
00AF   3C20           00278                     SUBLW 20H       ; SI EL BIT 5 ESTA ACTIVO REINICIA PROGRAMA
00B0   1D03           00279                     BTFSS STATUS,Z
00B1   2???           00280                     GOTO ENCENDER
00B2   2???           00281                     CALL INICIO   ; PROGRAMA RESET                  
                      00282 
00B3                  00283 ENCENDER        
00B3   0831           00284                     MOVF PREGUNTA,W
00B4   0088           00285                     MOVWF PORTD
00B5   0830           00286                     MOVF ANIMALES,W 
00B6   0085           00287                     MOVWF PORTA
00B7   0008           00288                     RETURN
                      00289         
                      00290         
                      00291         
                      00292         
                      00293         
                      00294         
                      00295         
                      00296 ;==============================================================================
                      00297 ;                   VALIDA SI LA RESPUESTA ES CORRECTA
                      00298 ;==============================================================================
                      00299 
00B8                  00300 VALIDATE_ANSWER 
00B8   2???           00301         CALL READ_HEX
00B9   00A5           00302         MOVWF RESPUESTA
00BA   2???           00303         CALL Teclado_EsperaDejePulsar
00BB   0827           00304         MOVF CONT_WIN,W
00BC   2???           00305         CALL RESPUESTAS_1
Message[305]: Using default destination of 1 (file).
00BD   02A5           00306         SUBWF RESPUESTA
00BE   1D03           00307         BTFSS STATUS,Z
00BF   0008           00308         RETURN
00C0   3001           00309         MOVLW .1
00C1   00A6           00310         MOVWF CORRECTO
00C2   0008           00311         RETURN
                      00312 ;==============================================================================
                      00313 ;LEER EL VALOR EN TECLADO 5x5
                      00314 ;==============================================================================
MPASM 5.81  /HOME/MIPC/MPLABXPROJECTS/GITWIL   10-24-2018  22:30:39         PAGE  8


LOC  OBJECT CODE     LINE SOURCE TEXT
  VALUE

                      00315 
00C3                  00316 READ_HEX
00C3   2???           00317         CALL Teclado_LeeOrdenTecla
00C4   1C03           00318         BTFSS STATUS,C
00C5   2???           00319         GOTO READ_HEX_END
00C6   2???           00320         CALL CONVERT_HEX
00C7   1403           00321         BSF STATUS,C
00C8                  00322 READ_HEX_END
00C8   0008           00323         RETURN
                      00324 ;===============================================================================
                      00325 ;INICIALIZAR EL TECLADO 5x5
                      00326 ;===============================================================================
00C9                  00327 TecladoInicializa
                      00328         BANK1
00C9   1683               M         BSF STATUS,5
00CA   1303               M         BCF STATUS,6
00CB   3000           00329         MOVLW B'00000000'
Message[302]: Register in operand not in bank 0.  Ensure that bank bits are correct.
00CC   0086           00330         MOVWF TRISB
                      00331         
00CD   301F           00332         MOVLW 0x1F
Message[302]: Register in operand not in bank 0.  Ensure that bank bits are correct.
00CE   0087           00333         MOVWF TRISC
                      00334         
                      00335         BANK0
00CF   1283               M         BCF STATUS,5
00D0   1303               M         BCF STATUS,6
00D1   3019           00336         MOVLW .25
00D2   00A4           00337         MOVWF LAST_TECLA
00D3   0008           00338         RETURN
                      00339 ;===============================================================================
                      00340 ;                      ANTIREBOTE PARA LOS PULSADORES
                      00341 ;===============================================================================
00D4                  00342 Teclado_EsperaDejePulsar
                      00343         BANK0
00D4   1283               M         BCF STATUS,5
00D5   1303               M         BCF STATUS,6
00D6   301F           00344         MOVLW 0x1F
00D7   0087           00345         MOVWF PORTC
00D8                  00346 Teclado_SigueEsperando
00D8   2???           00347         CALL RETARDO_20MS
00D9   0807           00348         MOVF PORTC,W
00DA   3C1F           00349         SUBLW 0x1F
00DB   1D03           00350         BTFSS STATUS,Z
00DC   2???           00351         GOTO Teclado_SigueEsperando
00DD   0186           00352         CLRF PORTB
00DE   0008           00353         RETURN
                      00354 ;===============================================================================
                      00355 ;               SCAN TECLAS PARA SELECION DE LA RESPUESTA
                      00356 ;===============================================================================
                      00357 
00DF                  00358 Teclado_LeeOrdenTecla
                      00359         BANK0
MPASM 5.81  /HOME/MIPC/MPLABXPROJECTS/GITWIL   10-24-2018  22:30:39         PAGE  9


LOC  OBJECT CODE     LINE SOURCE TEXT
  VALUE

00DF   1283               M         BCF STATUS,5
00E0   1303               M         BCF STATUS,6
00E1   01A3           00360         CLRF TECLA
00E2   30FE           00361         MOVLW B'11111110'
00E3                  00362 CHECK_ROW
00E3   0086           00363         MOVWF PORTB
00E4                  00364 CHECK_COL_1
00E4   1C07           00365         BTFSS PORTC,0
00E5   2???           00366         GOTO SAVE_VALUE
00E6   0AA3           00367         INCF TECLA,F
00E7                  00368 CHECK_COL_2
00E7   1C87           00369         BTFSS PORTC,1
00E8   2???           00370         GOTO SAVE_VALUE
00E9   0AA3           00371         INCF TECLA,F
00EA                  00372 CHECK_COL_3
00EA   1D07           00373         BTFSS PORTC,2
00EB   2???           00374         GOTO SAVE_VALUE
00EC   0AA3           00375         INCF TECLA,F
00ED                  00376 CHECK_COL_4
00ED   1D87           00377         BTFSS PORTC,3
00EE   2???           00378         GOTO SAVE_VALUE
00EF   0AA3           00379         INCF TECLA,F
00F0                  00380 CHECK_COL_5
00F0   1E07           00381         BTFSS PORTC,4
00F1   2???           00382         GOTO SAVE_VALUE
00F2   0AA3           00383         INCF TECLA,F    
00F3                  00384 END_COL
00F3   3024           00385         MOVLW LAST_TECLA
00F4   0223           00386         SUBWF TECLA,W
00F5   1803           00387         BTFSC STATUS,C
00F6   2???           00388         GOTO TECLA_NO_PULSE
00F7   1403           00389         BSF STATUS,C
00F8   0D06           00390         RLF PORTB,W
00F9   2???           00391         GOTO CHECK_ROW
                      00392         
00FA                  00393 TECLA_NO_PULSE
00FA   1003           00394         BCF STATUS,C
00FB   2???           00395         GOTO KEYBOARD_END
00FC                  00396 SAVE_VALUE
00FC   0823           00397         MOVF TECLA,W
00FD   1403           00398         BSF STATUS,C
00FE                  00399 KEYBOARD_END
00FE   0008           00400         RETURN
                      00401                 
                      00402         
20F4 3EFF             00403         END
MPASM 5.81  /HOME/MIPC/MPLABXPROJECTS/GITWIL   10-24-2018  22:30:39         PAGE 10


SYMBOL TABLE
  LABEL                             VALUE 

ABDEN                             00000000
ABDOVF                            00000007
ACKDT                             00000005
ACKEN                             00000004
ACKSTAT                           00000006
ADCON0                            0000001F
ADCON1                            0000009F
ADCS0                             00000006
ADCS1                             00000007
ADDEN                             00000003
ADFM                              00000007
ADIE                              00000006
ADIF                              00000006
ADON                              00000000
ADRESH                            0000001E
ADRESL                            0000009E
ANIMALES                          00000030
ANS0                              00000000
ANS1                              00000001
ANS10                             00000002
ANS11                             00000003
ANS12                             00000004
ANS13                             00000005
ANS2                              00000002
ANS3                              00000003
ANS4                              00000004
ANS5                              00000005
ANS6                              00000006
ANS7                              00000007
ANS8                              00000000
ANS9                              00000001
ANSEL                             00000188
ANSELH                            00000189
BANK0                             
BANK1                             
BANK2                             
BANK3                             
BAUDCTL                           00000187
BCLIE                             00000003
BCLIF                             00000003
BF                                00000000
BIT                               00000022
BRG0                              00000000
BRG1                              00000001
BRG10                             00000002
BRG11                             00000003
BRG12                             00000004
BRG13                             00000005
BRG14                             00000006
BRG15                             00000007
BRG16                             00000003
BRG2                              00000002
BRG3                              00000003
MPASM 5.81  /HOME/MIPC/MPLABXPROJECTS/GITWIL   10-24-2018  22:30:39         PAGE 11


SYMBOL TABLE
  LABEL                             VALUE 

BRG4                              00000004
BRG5                              00000005
BRG6                              00000006
BRG7                              00000007
BRG8                              00000000
BRG9                              00000001
BRGH                              00000002
C                                 00000000
C1CH0                             00000000
C1CH1                             00000001
C1IE                              00000005
C1IF                              00000005
C1OE                              00000005
C1ON                              00000007
C1OUT                             00000006
C1POL                             00000004
C1R                               00000002
C1RSEL                            00000005
C1SEN                             00000005
C2CH0                             00000000
C2CH1                             00000001
C2IE                              00000006
C2IF                              00000006
C2OE                              00000005
C2ON                              00000007
C2OUT                             00000006
C2POL                             00000004
C2R                               00000002
C2REN                             00000004
C2RSEL                            00000004
C2SYNC                            00000000
CCP1CON                           00000017
CCP1IE                            00000002
CCP1IF                            00000002
CCP1M0                            00000000
CCP1M1                            00000001
CCP1M2                            00000002
CCP1M3                            00000003
CCP1X                             00000005
CCP1Y                             00000004
CCP2CON                           0000001D
CCP2IE                            00000000
CCP2IF                            00000000
CCP2M0                            00000000
CCP2M1                            00000001
CCP2M2                            00000002
CCP2M3                            00000003
CCP2X                             00000005
CCP2Y                             00000004
CCPR1                             00000015
CCPR1H                            00000016
CCPR1L                            00000015
CCPR2                             0000001B
MPASM 5.81  /HOME/MIPC/MPLABXPROJECTS/GITWIL   10-24-2018  22:30:39         PAGE 12


SYMBOL TABLE
  LABEL                             VALUE 

CCPR2H                            0000001C
CCPR2L                            0000001B
CHECK_COL_1                       000000E4
CHECK_COL_2                       000000E7
CHECK_COL_3                       000000EA
CHECK_COL_4                       000000ED
CHECK_COL_5                       000000F0
CHECK_ROW                         000000E3
CHS0                              00000002
CHS1                              00000003
CHS2                              00000004
CHS3                              00000005
CKE                               00000006
CKP                               00000004
CLEAR                             000000A2
CM1CON0                           00000107
CM2CON0                           00000108
CM2CON1                           00000109
CONTA_1                           00000021
CONTA_2                           00000020
CONT_WIN                          00000027
CONVERT_HEX                       00000004
CORRECTO                          00000026
CREN                              00000004
CSRC                              00000007
ClSPort                           
D                                 00000005
DATA_ADDRESS                      00000005
DC                                00000001
DC1B0                             00000004
DC1B1                             00000005
DC2B0                             00000004
DC2B1                             00000005
D_A                               00000005
D_NOT_A                           00000005
DigPort                           
ECCPAS                            0000009C
ECCPAS0                           00000004
ECCPAS1                           00000005
ECCPAS2                           00000006
ECCPASE                           00000007
EEADR                             0000010D
EEADRH                            0000010F
EECON1                            0000018C
EECON2                            0000018D
EEDAT                             0000010C
EEDATA                            0000010C
EEDATH                            0000010E
EEIE                              00000004
EEIF                              00000004
EEPGD                             00000007
ENCENDER                          000000B3
END_COL                           000000F3
MPASM 5.81  /HOME/MIPC/MPLABXPROJECTS/GITWIL   10-24-2018  22:30:39         PAGE 13


SYMBOL TABLE
  LABEL                             VALUE 

END_CONVERT_HEX                   0000001E
END_RESPUESTAS_1                  00000038
F                                 00000001
FERR                              00000002
FSR                               00000004
FVREN                             00000000
GCEN                              00000007
GIE                               00000007
GO                                00000001
GO_DONE                           00000001
GO_NOT_DONE                       00000001
HTS                               00000002
I2C_DATA                          00000005
I2C_READ                          00000002
I2C_START                         00000003
I2C_STOP                          00000004
INDF                              00000000
INICIA                            0000005F
INICIO                            00000044
INTCON                            0000000B
INTE                              00000004
INTEDG                            00000006
INTF                              00000001
IOCB                              00000096
IOCB0                             00000000
IOCB1                             00000001
IOCB2                             00000002
IOCB3                             00000003
IOCB4                             00000004
IOCB5                             00000005
IOCB6                             00000006
IOCB7                             00000007
IRCF0                             00000004
IRCF1                             00000005
IRCF2                             00000006
IRP                               00000007
KEYBOARD_END                      000000FE
LAST_TECLA                        00000024
LOOP                              00000066
LOOP2                             00000072
LOOP3                             0000007E
LOOP4                             0000008A
LOOP5                             00000096
LTS                               00000001
MC1OUT                            00000007
MC2OUT                            00000006
MSK                               00000093
MSK0                              00000000
MSK1                              00000001
MSK2                              00000002
MSK3                              00000003
MSK4                              00000004
MSK5                              00000005
MPASM 5.81  /HOME/MIPC/MPLABXPROJECTS/GITWIL   10-24-2018  22:30:39         PAGE 14


SYMBOL TABLE
  LABEL                             VALUE 

MSK6                              00000006
MSK7                              00000007
NOT_A                             00000005
NOT_ADDRESS                       00000005
NOT_BO                            00000000
NOT_BOR                           00000000
NOT_DONE                          00000001
NOT_PD                            00000003
NOT_POR                           00000001
NOT_RBPU                          00000007
NOT_RC8                           00000006
NOT_T1SYNC                        00000002
NOT_TO                            00000004
NOT_TX8                           00000006
NOT_W                             00000002
NOT_WRITE                         00000002
OERR                              00000001
OPTION_REG                        00000081
OSCCON                            0000008F
OSCTUNE                           00000090
OSFIE                             00000007
OSFIF                             00000007
OSTS                              00000003
P                                 00000004
P1M0                              00000006
P1M1                              00000007
PCL                               00000002
PCLATH                            0000000A
PCON                              0000008E
PDC0                              00000000
PDC1                              00000001
PDC2                              00000002
PDC3                              00000003
PDC4                              00000004
PDC5                              00000005
PDC6                              00000006
PEIE                              00000006
PEN                               00000002
PIE1                              0000008C
PIE2                              0000008D
PIR1                              0000000C
PIR2                              0000000D
PORTA                             00000005
PORTB                             00000006
PORTC                             00000007
PORTD                             00000008
PORTE                             00000009
PR2                               00000092
PREGUNTA                          00000031
PRSEN                             00000007
PS0                               00000000
PS1                               00000001
PS2                               00000002
MPASM 5.81  /HOME/MIPC/MPLABXPROJECTS/GITWIL   10-24-2018  22:30:39         PAGE 15


SYMBOL TABLE
  LABEL                             VALUE 

PSA                               00000003
PSSAC0                            00000002
PSSAC1                            00000003
PSSBD0                            00000000
PSSBD1                            00000001
PSTRCON                           0000009D
PULSR                             00000002
PULSS                             00000003
PWM1CON                           0000009B
R                                 00000002
RA0                               00000000
RA1                               00000001
RA2                               00000002
RA3                               00000003
RA4                               00000004
RA5                               00000005
RA6                               00000006
RA7                               00000007
RB0                               00000000
RB1                               00000001
RB2                               00000002
RB3                               00000003
RB4                               00000004
RB5                               00000005
RB6                               00000006
RB7                               00000007
RBIE                              00000003
RBIF                              00000000
RC0                               00000000
RC1                               00000001
RC2                               00000002
RC3                               00000003
RC4                               00000004
RC5                               00000005
RC6                               00000006
RC7                               00000007
RC8_9                             00000006
RC9                               00000006
RCD8                              00000000
RCEN                              00000003
RCIDL                             00000006
RCIE                              00000005
RCIF                              00000005
RCREG                             0000001A
RCSTA                             00000018
RD                                00000000
RD0                               00000000
RD1                               00000001
RD2                               00000002
RD3                               00000003
RD4                               00000004
RD5                               00000005
RD6                               00000006
MPASM 5.81  /HOME/MIPC/MPLABXPROJECTS/GITWIL   10-24-2018  22:30:39         PAGE 16


SYMBOL TABLE
  LABEL                             VALUE 

RD7                               00000007
RE0                               00000000
RE1                               00000001
RE2                               00000002
RE3                               00000003
READ_HEX                          000000C3
READ_HEX_END                      000000C8
READ_WRITE                        00000002
RESPUESTA                         00000025
RESPUESTAS_1                      0000001E
RETARDO_20MS                      00000038
RP0                               00000005
RP1                               00000006
RSEN                              00000001
RX9                               00000006
RX9D                              00000000
R_NOT_W                           00000002
R_W                               00000002
S                                 00000003
SAVE_VALUE                        000000FC
SBOREN                            00000004
SCKP                              00000004
SCS                               00000000
SEN                               00000000
SENDB                             00000003
SISTPREG                          00000064
SMP                               00000007
SPBRG                             00000099
SPBRGH                            0000009A
SPEN                              00000007
SR0                               00000006
SR1                               00000007
SRCON                             00000185
SREN                              00000005
SSPADD                            00000093
SSPBUF                            00000013
SSPCON                            00000014
SSPCON2                           00000091
SSPEN                             00000005
SSPIE                             00000003
SSPIF                             00000003
SSPM0                             00000000
SSPM1                             00000001
SSPM2                             00000002
SSPM3                             00000003
SSPMSK                            00000093
SSPOV                             00000006
SSPSTAT                           00000094
STATUS                            00000003
STRA                              00000000
STRB                              00000001
STRC                              00000002
STRD                              00000003
MPASM 5.81  /HOME/MIPC/MPLABXPROJECTS/GITWIL   10-24-2018  22:30:39         PAGE 17


SYMBOL TABLE
  LABEL                             VALUE 

STRSYNC                           00000004
SWDTEN                            00000000
SYNC                              00000004
T0CS                              00000005
T0IE                              00000005
T0IF                              00000002
T0SE                              00000004
T1CKPS0                           00000004
T1CKPS1                           00000005
T1CON                             00000010
T1GINV                            00000007
T1GIV                             00000007
T1GSS                             00000001
T1INSYNC                          00000002
T1OSCEN                           00000003
T1SYNC                            00000002
T2CKPS0                           00000000
T2CKPS1                           00000001
T2CON                             00000012
TECLA                             00000023
TECLA_NO_PULSE                    000000FA
TEMP                              00000032
TMR0                              00000001
TMR0IE                            00000005
TMR0IF                            00000002
TMR1                              0000000E
TMR1CS                            00000001
TMR1GE                            00000006
TMR1H                             0000000F
TMR1IE                            00000000
TMR1IF                            00000000
TMR1L                             0000000E
TMR1ON                            00000000
TMR2                              00000011
TMR2IE                            00000001
TMR2IF                            00000001
TMR2ON                            00000002
TOUTPS0                           00000003
TOUTPS1                           00000004
TOUTPS2                           00000005
TOUTPS3                           00000006
TRISA                             00000085
TRISA0                            00000000
TRISA1                            00000001
TRISA2                            00000002
TRISA3                            00000003
TRISA4                            00000004
TRISA5                            00000005
TRISA6                            00000006
TRISA7                            00000007
TRISB                             00000086
TRISB0                            00000000
TRISB1                            00000001
MPASM 5.81  /HOME/MIPC/MPLABXPROJECTS/GITWIL   10-24-2018  22:30:39         PAGE 18


SYMBOL TABLE
  LABEL                             VALUE 

TRISB2                            00000002
TRISB3                            00000003
TRISB4                            00000004
TRISB5                            00000005
TRISB6                            00000006
TRISB7                            00000007
TRISC                             00000087
TRISC0                            00000000
TRISC1                            00000001
TRISC2                            00000002
TRISC3                            00000003
TRISC4                            00000004
TRISC5                            00000005
TRISC6                            00000006
TRISC7                            00000007
TRISD                             00000088
TRISD0                            00000000
TRISD1                            00000001
TRISD2                            00000002
TRISD3                            00000003
TRISD4                            00000004
TRISD5                            00000005
TRISD6                            00000006
TRISD7                            00000007
TRISE                             00000089
TRISE0                            00000000
TRISE1                            00000001
TRISE2                            00000002
TRISE3                            00000003
TRMT                              00000001
TUN0                              00000000
TUN1                              00000001
TUN2                              00000002
TUN3                              00000003
TUN4                              00000004
TX8_9                             00000006
TX9                               00000006
TX9D                              00000000
TXD8                              00000000
TXEN                              00000005
TXIE                              00000004
TXIF                              00000004
TXREG                             00000019
TXSTA                             00000098
TecladoInicializa                 000000C9
Teclado_EsperaDejePulsar          000000D4
Teclado_LeeOrdenTecla             000000DF
Teclado_SigueEsperando            000000D8
UA                                00000001
ULPWUE                            00000005
ULPWUIE                           00000002
ULPWUIF                           00000002
VALIDATE_ANSWER                   000000B8
MPASM 5.81  /HOME/MIPC/MPLABXPROJECTS/GITWIL   10-24-2018  22:30:39         PAGE 19


SYMBOL TABLE
  LABEL                             VALUE 

VCFG0                             00000004
VCFG1                             00000005
VERIFICA                          000000AC
VERIFICA1                         000000A4
VR0                               00000000
VR1                               00000001
VR2                               00000002
VR3                               00000003
VRCON                             00000097
VREN                              00000007
VROE                              00000006
VRR                               00000005
VRSS                              00000004
W                                 00000000
WCOL                              00000007
WDTCON                            00000105
WDTPS0                            00000001
WDTPS1                            00000002
WDTPS2                            00000003
WDTPS3                            00000004
WPUB                              00000095
WPUB0                             00000000
WPUB1                             00000001
WPUB2                             00000002
WPUB3                             00000003
WPUB4                             00000004
WPUB5                             00000005
WPUB6                             00000006
WPUB7                             00000007
WR                                00000001
WREN                              00000002
WRERR                             00000003
WUE                               00000001
Z                                 00000002
_.org_1_0040                      00000040
_.org_1_0042                      00000042
_BOR21V                           00003EFF
_BOR40V                           00003FFF
_BOR4V_BOR21V                     00003EFF
_BOR4V_BOR40V                     00003FFF
_BOREN_NSLEEP                     00003EFF
_BOREN_OFF                        00003CFF
_BOREN_ON                         00003FFF
_BOREN_SBODEN                     00003DFF
_BOR_NSLEEP                       00003EFF
_BOR_OFF                          00003CFF
_BOR_ON                           00003FFF
_BOR_SBODEN                       00003DFF
_CONFIG1                          00002007
_CONFIG2                          00002008
_CPD_OFF                          00003FFF
_CPD_ON                           00003F7F
_CP_OFF                           00003FFF
MPASM 5.81  /HOME/MIPC/MPLABXPROJECTS/GITWIL   10-24-2018  22:30:39         PAGE 20


SYMBOL TABLE
  LABEL                             VALUE 

_CP_ON                            00003FBF
_DEBUG_OFF                        00003FFF
_DEBUG_ON                         00001FFF
_DEVID1                           00002006
_EC_OSC                           00003FFB
_EXTRC                            00003FFF
_EXTRCIO                          00003FFE
_EXTRC_OSC_CLKOUT                 00003FFF
_EXTRC_OSC_NOCLKOUT               00003FFE
_FCMEN_OFF                        000037FF
_FCMEN_ON                         00003FFF
_FOSC_EC                          00003FFB
_FOSC_EXTRC_CLKOUT                00003FFF
_FOSC_EXTRC_NOCLKOUT              00003FFE
_FOSC_HS                          00003FFA
_FOSC_INTRC_CLKOUT                00003FFD
_FOSC_INTRC_NOCLKOUT              00003FFC
_FOSC_LP                          00003FF8
_FOSC_XT                          00003FF9
_HS_OSC                           00003FFA
_IDLOC0                           00002000
_IDLOC1                           00002001
_IDLOC2                           00002002
_IDLOC3                           00002003
_IESO_OFF                         00003BFF
_IESO_ON                          00003FFF
_INTOSC                           00003FFD
_INTOSCIO                         00003FFC
_INTRC_OSC_CLKOUT                 00003FFD
_INTRC_OSC_NOCLKOUT               00003FFC
_LP_OSC                           00003FF8
_LVP_OFF                          00002FFF
_LVP_ON                           00003FFF
_MCLRE_OFF                        00003FDF
_MCLRE_ON                         00003FFF
_PWRTE_OFF                        00003FFF
_PWRTE_ON                         00003FEF
_WDTE_OFF                         00003FF7
_WDTE_ON                          00003FFF
_WDT_OFF                          00003FF7
_WDT_ON                           00003FFF
_WRT_1FOURTH                      00003BFF
_WRT_256                          00003DFF
_WRT_HALF                         000039FF
_WRT_OFF                          00003FFF
_XT_OSC                           00003FF9
__16F887                          00000001

Errors   :     0
Warnings :     1 reported,     0 suppressed
Messages :    18 reported,     0 suppressed

